#
# There is insufficient memory for the Java Runtime Environment to continue.
# Native memory allocation (malloc) failed to allocate 1048576 bytes. Error detail: AllocateHeap
# Possible reasons:
#   The system is out of physical RAM or swap space
#   This process is running with CompressedOops enabled, and the Java Heap may be blocking the growth of the native heap
# Possible solutions:
#   Reduce memory load on the system
#   Increase physical memory or swap space
#   Check if swap backing store is full
#   Decrease Java heap size (-Xmx/-Xms)
#   Decrease number of Java threads
#   Decrease Java thread stack sizes (-Xss)
#   Set larger code cache with -XX:ReservedCodeCacheSize=
#   JVM is running with Unscaled Compressed Oops mode in which the Java heap is
#     placed in the first 4GB address space. The Java Heap base address is the
#     maximum limit for the native heap growth. Please use -XX:HeapBaseMinAddress
#     to set the Java Heap base and to place the Java Heap above 4GB virtual address.
# This output file may be truncated or incomplete.
#
#  Out of Memory Error (allocation.cpp:44), pid=4924, tid=23892
#
# JRE version: OpenJDK Runtime Environment Temurin-21.0.9+10 (21.0.9+10) (build 21.0.9+10-LTS)
# Java VM: OpenJDK 64-Bit Server VM Temurin-21.0.9+10 (21.0.9+10-LTS, mixed mode, sharing, tiered, compressed oops, compressed class ptrs, parallel gc, windows-amd64)
# No core dump will be written. Minidumps are not enabled by default on client versions of Windows
#

---------------  S U M M A R Y ------------

Command Line: --add-modules=ALL-SYSTEM --add-opens=java.base/java.util=ALL-UNNAMED --add-opens=java.base/java.lang=ALL-UNNAMED --add-opens=java.base/sun.nio.fs=ALL-UNNAMED -Declipse.application=org.eclipse.jdt.ls.core.id1 -Dosgi.bundles.defaultStartLevel=4 -Declipse.product=org.eclipse.jdt.ls.core.product -Djava.import.generatesMetadataFilesAtProjectRoot=false -DDetectVMInstallationsJob.disabled=true -Dfile.encoding=utf8 -XX:+UseParallelGC -XX:GCTimeRatio=4 -XX:AdaptiveSizePolicyWeight=90 -Dsun.zip.disableMemoryMapping=true -Xmx2G -Xms100m -Xlog:disable -javaagent:c:\Users\PC\.vscode\extensions\redhat.java-1.50.0-win32-x64\lombok\lombok-1.18.39-4050.jar -XX:+HeapDumpOnOutOfMemoryError -XX:HeapDumpPath=c:\Users\PC\AppData\Roaming\Code\User\workspaceStorage\a49f5b8cabdf05e7b3061a5f5d990722\redhat.java -Daether.dependencyCollector.impl=bf c:\Users\PC\.vscode\extensions\redhat.java-1.50.0-win32-x64\server\plugins\org.eclipse.equinox.launcher_1.7.100.v20251111-0406.jar -configuration c:\Users\PC\AppData\Roaming\Code\User\globalStorage\redhat.java\1.50.0\config_win -data c:\Users\PC\AppData\Roaming\Code\User\workspaceStorage\a49f5b8cabdf05e7b3061a5f5d990722\redhat.java\jdt_ws --pipe=\\.\pipe\lsp-c7a88748c50409a06a128bcaf991b5f1-sock

Host: 12th Gen Intel(R) Core(TM) i5-12400F, 6 cores, 7G,  Windows 11 , 64 bit Build 22621 (10.0.22621.4391)
Time: Mon Dec 29 16:21:03 2025 India Standard Time elapsed time: 676564.368757 seconds (7d 19h 56m 4s)

---------------  T H R E A D  ---------------

Current thread (0x0000028597e85ca0):  JavaThread "Attach Listener" daemon [_thread_in_vm, id=23892, stack(0x000000a9df500000,0x000000a9df600000) (1024K)]

Stack: [0x000000a9df500000,0x000000a9df600000]
Native frames: (J=compiled Java code, j=interpreted, Vv=VM code, C=native code)
V  [jvm.dll+0x6d6e29]
V  [jvm.dll+0x8b4b76]
V  [jvm.dll+0x8b712e]
V  [jvm.dll+0x8b7813]
V  [jvm.dll+0x283d86]
V  [jvm.dll+0xc1277]
V  [jvm.dll+0x6d76d9]
V  [jvm.dll+0x133466]
V  [jvm.dll+0x3f7ea6]
V  [jvm.dll+0x85e9ad]
V  [jvm.dll+0x6d565d]
C  [ucrtbase.dll+0x29333]
C  [KERNEL32.DLL+0x1259d]
C  [ntdll.dll+0x5af38]


---------------  P R O C E S S  ---------------

Threads class SMR info:
_java_thread_list=0x00000285e1b18150, length=33, elements={
0x00000285814523e0, 0x000002858150a9d0, 0x000002858150e020, 0x0000028597e85050,
0x0000028597e85ca0, 0x0000028597e8a940, 0x0000028597e91110, 0x0000028597e9e910,
0x0000028597e9f990, 0x0000028597e92b50, 0x0000028597e917a0, 0x00000285df25c4a0,
0x00000285df25b780, 0x00000285df25a3d0, 0x00000285df25d1c0, 0x00000285df25ec00,
0x00000285df25b0f0, 0x00000285df25cb30, 0x00000285df25be10, 0x00000285df25aa60,
0x00000285df25d850, 0x00000285df25dee0, 0x00000285df259d40, 0x00000285df25e570,
0x00000285df260640, 0x00000285df2596b0, 0x00000285e223da10, 0x00000285e223e0a0,
0x00000285e223b2b0, 0x00000285e223c660, 0x00000285e223d380, 0x00000285e16eb900,
0x00000285e0e22600
}

Java Threads: ( => current thread )
  0x00000285814523e0 JavaThread "main"                              [_thread_blocked, id=15136, stack(0x000000a9dee00000,0x000000a9def00000) (1024K)]
  0x000002858150a9d0 JavaThread "Reference Handler"          daemon [_thread_blocked, id=18900, stack(0x000000a9df200000,0x000000a9df300000) (1024K)]
  0x000002858150e020 JavaThread "Finalizer"                  daemon [_thread_blocked, id=15740, stack(0x000000a9df300000,0x000000a9df400000) (1024K)]
  0x0000028597e85050 JavaThread "Signal Dispatcher"          daemon [_thread_blocked, id=24388, stack(0x000000a9df400000,0x000000a9df500000) (1024K)]
=>0x0000028597e85ca0 JavaThread "Attach Listener"            daemon [_thread_in_vm, id=23892, stack(0x000000a9df500000,0x000000a9df600000) (1024K)]
  0x0000028597e8a940 JavaThread "Service Thread"             daemon [_thread_blocked, id=21000, stack(0x000000a9df600000,0x000000a9df700000) (1024K)]
  0x0000028597e91110 JavaThread "Monitor Deflation Thread"   daemon [_thread_blocked, id=24692, stack(0x000000a9df700000,0x000000a9df800000) (1024K)]
  0x0000028597e9e910 JavaThread "C2 CompilerThread0"         daemon [_thread_blocked, id=8808, stack(0x000000a9df800000,0x000000a9df900000) (1024K)]
  0x0000028597e9f990 JavaThread "C1 CompilerThread0"         daemon [_thread_blocked, id=20640, stack(0x000000a9df900000,0x000000a9dfa00000) (1024K)]
  0x0000028597e92b50 JavaThread "Common-Cleaner"             daemon [_thread_blocked, id=14824, stack(0x000000a9dfb00000,0x000000a9dfc00000) (1024K)]
  0x0000028597e917a0 JavaThread "Notification Thread"        daemon [_thread_blocked, id=5160, stack(0x000000a9dfc00000,0x000000a9dfd00000) (1024K)]
  0x00000285df25c4a0 JavaThread "Active Thread: Equinox Container: 98e605a2-67a3-4b9f-b886-6af5bbf6ab8c"        [_thread_blocked, id=28136, stack(0x000000a9e0800000,0x000000a9e0900000) (1024K)]
  0x00000285df25b780 JavaThread "Framework Event Dispatcher: Equinox Container: 98e605a2-67a3-4b9f-b886-6af5bbf6ab8c" daemon [_thread_blocked, id=11844, stack(0x000000a9dfa00000,0x000000a9dfb00000) (1024K)]
  0x00000285df25a3d0 JavaThread "Start Level: Equinox Container: 98e605a2-67a3-4b9f-b886-6af5bbf6ab8c" daemon [_thread_blocked, id=16460, stack(0x000000a9e0900000,0x000000a9e0a00000) (1024K)]
  0x00000285df25d1c0 JavaThread "Refresh Thread: Equinox Container: 98e605a2-67a3-4b9f-b886-6af5bbf6ab8c" daemon [_thread_blocked, id=22224, stack(0x000000a9e0b00000,0x000000a9e0c00000) (1024K)]
  0x00000285df25ec00 JavaThread "Bundle File Closer"         daemon [_thread_blocked, id=24928, stack(0x000000a9e0a00000,0x000000a9e0b00000) (1024K)]
  0x00000285df25b0f0 JavaThread "SCR Component Actor"        daemon [_thread_blocked, id=28580, stack(0x000000a9e0c00000,0x000000a9e0d00000) (1024K)]
  0x00000285df25cb30 JavaThread "Worker-JM"                         [_thread_blocked, id=16876, stack(0x000000a9e0e00000,0x000000a9e0f00000) (1024K)]
  0x00000285df25be10 JavaThread "Java indexing"              daemon [_thread_blocked, id=25108, stack(0x000000a9e1200000,0x000000a9e1300000) (1024K)]
  0x00000285df25aa60 JavaThread "JNA Cleaner"                daemon [_thread_blocked, id=26728, stack(0x000000a9e1300000,0x000000a9e1400000) (1024K)]
  0x00000285df25d850 JavaThread "Thread-1"                   daemon [_thread_in_native, id=24440, stack(0x000000a9e1700000,0x000000a9e1800000) (1024K)]
  0x00000285df25dee0 JavaThread "Thread-2"                   daemon [_thread_in_native, id=20580, stack(0x000000a9e1800000,0x000000a9e1900000) (1024K)]
  0x00000285df259d40 JavaThread "Thread-3"                   daemon [_thread_in_native, id=22772, stack(0x000000a9e1900000,0x000000a9e1a00000) (1024K)]
  0x00000285df25e570 JavaThread "Thread-4"                   daemon [_thread_in_native, id=16192, stack(0x000000a9e1a00000,0x000000a9e1b00000) (1024K)]
  0x00000285df260640 JavaThread "Thread-5"                   daemon [_thread_in_native, id=2968, stack(0x000000a9e1b00000,0x000000a9e1c00000) (1024K)]
  0x00000285df2596b0 JavaThread "Thread-6"                   daemon [_thread_in_native, id=16012, stack(0x000000a9e1c00000,0x000000a9e1d00000) (1024K)]
  0x00000285e223da10 JavaThread "Thread-7"                   daemon [_thread_in_native, id=25036, stack(0x000000a9e1d00000,0x000000a9e1e00000) (1024K)]
  0x00000285e223e0a0 JavaThread "pool-2-thread-1"                   [_thread_blocked, id=12324, stack(0x000000a9e1e00000,0x000000a9e1f00000) (1024K)]
  0x00000285e223b2b0 JavaThread "WorkspaceEventsHandler"            [_thread_blocked, id=22464, stack(0x000000a9e0300000,0x000000a9e0400000) (1024K)]
  0x00000285e223c660 JavaThread "pool-1-thread-1"                   [_thread_blocked, id=20824, stack(0x000000a9e0400000,0x000000a9e0500000) (1024K)]
  0x00000285e223d380 JavaThread "Cleaner-0"                  daemon [_thread_blocked, id=19588, stack(0x000000a9e0d00000,0x000000a9e0e00000) (1024K)]
  0x00000285e16eb900 JavaThread "Worker-111"                        [_thread_blocked, id=38784, stack(0x000000a9dec00000,0x000000a9ded00000) (1024K)]
  0x00000285e0e22600 JavaThread "Worker-115"                        [_thread_blocked, id=40804, stack(0x000000a9e1400000,0x000000a9e1500000) (1024K)]
Total: 33

Other Threads:
  0x00000285fefd18e0 VMThread "VM Thread"                           [id=16712, stack(0x000000a9df100000,0x000000a9df200000) (1024K)]
  0x0000028597ddcb30 WatcherThread "VM Periodic Task Thread"        [id=10664, stack(0x000000a9df000000,0x000000a9df100000) (1024K)]
  0x00000285fefcff80 WorkerThread "GC Thread#0"                     [id=14176, stack(0x000000a9def00000,0x000000a9df000000) (1024K)]
  0x00000285fefd0a60 WorkerThread "GC Thread#1"                     [id=18156, stack(0x000000a9dfd00000,0x000000a9dfe00000) (1024K)]
  0x00000285fefd0e00 WorkerThread "GC Thread#2"                     [id=22088, stack(0x000000a9dfe00000,0x000000a9dff00000) (1024K)]
  0x00000285dac14b90 WorkerThread "GC Thread#3"                     [id=9032, stack(0x000000a9dff00000,0x000000a9e0000000) (1024K)]
  0x00000285dac164f0 WorkerThread "GC Thread#4"                     [id=20364, stack(0x000000a9e0000000,0x000000a9e0100000) (1024K)]
  0x00000285dac140b0 WorkerThread "GC Thread#5"                     [id=27784, stack(0x000000a9e0100000,0x000000a9e0200000) (1024K)]
Total: 8

Threads with active compile tasks:
Total: 0

VM state: not at safepoint (normal execution)

VM Mutex/Monitor currently owned by a thread: None

Heap address: 0x0000000080000000, size: 2048 MB, Compressed Oops mode: 32-bit

CDS archive(s) mapped at: [0x0000028598000000-0x0000028598ba0000-0x0000028598ba0000), size 12189696, SharedBaseAddress: 0x0000028598000000, ArchiveRelocationMode: 1.
Compressed class space mapped at: 0x0000028599000000-0x00000285d9000000, reserved size: 1073741824
Narrow klass base: 0x0000028598000000, Narrow klass shift: 0, Narrow klass range: 0x100000000

GC Precious Log:
 CardTable entry size: 512
 CPUs: 6 total, 6 available
 Memory: 8033M
 Large Page Support: Disabled
 NUMA Support: Disabled
 Compressed Oops: Enabled (32-bit)
 Alignments: Space 512K, Generation 512K, Heap 2M
 Heap Min Capacity: 100M
 Heap Initial Capacity: 100M
 Heap Max Capacity: 2G
 Pre-touch: Disabled
 Parallel Workers: 6

Heap:
 PSYoungGen      total 7168K, used 1311K [0x00000000d5580000, 0x00000000d6100000, 0x0000000100000000)
  eden space 6144K, 6% used [0x00000000d5580000,0x00000000d55e3e10,0x00000000d5b80000)
  from space 1024K, 89% used [0x00000000d5c00000,0x00000000d5ce4020,0x00000000d5d00000)
  to   space 2048K, 0% used [0x00000000d5f00000,0x00000000d5f00000,0x00000000d6100000)
 ParOldGen       total 1166336K, used 1166040K [0x0000000080000000, 0x00000000c7300000, 0x00000000d5580000)
  object space 1166336K, 99% used [0x0000000080000000,0x00000000c72b61d0,0x00000000c7300000)
 Metaspace       used 94294K, committed 95744K, reserved 1179648K
  class space    used 9053K, committed 9728K, reserved 1048576K

Card table byte_map: [0x00000285ff950000,0x00000285ffd60000] _byte_map_base: 0x00000285ff550000

Marking Bits: (ParMarkBitMap*) 0x00007ffe05a72460
 Begin Bits: [0x0000028593900000, 0x0000028595900000)
 End Bits:   [0x0000028595900000, 0x0000028597900000)

Polling page: 0x00000285ff3a0000

Metaspace:

Usage:
  Non-class:     83.24 MB used.
      Class:      8.84 MB used.
       Both:     92.08 MB used.

Virtual space:
  Non-class space:      128.00 MB reserved,      84.00 MB ( 66%) committed,  2 nodes.
      Class space:        1.00 GB reserved,       9.50 MB ( <1%) committed,  1 nodes.
             Both:        1.12 GB reserved,      93.50 MB (  8%) committed. 

Chunk freelists:
   Non-Class:  11.27 MB
       Class:  6.39 MB
        Both:  17.65 MB

MaxMetaspaceSize: unlimited
CompressedClassSpaceSize: 1.00 GB
Initial GC threshold: 21.00 MB
Current GC threshold: 155.44 MB
CDS: on
 - commit_granule_bytes: 65536.
 - commit_granule_words: 8192.
 - virtual_space_node_default_size: 8388608.
 - enlarge_chunks_in_place: 1.
 - use_allocation_guard: 0.


Internal statistics:

num_allocs_failed_limit: 11.
num_arena_births: 2144.
num_arena_deaths: 646.
num_vsnodes_births: 3.
num_vsnodes_deaths: 0.
num_space_committed: 1496.
num_space_uncommitted: 0.
num_chunks_returned_to_freelist: 791.
num_chunks_taken_from_freelist: 7205.
num_chunk_merges: 176.
num_chunk_splits: 3992.
num_chunks_enlarged: 2101.
num_inconsistent_stats: 0.

CodeHeap 'non-profiled nmethods': size=120000Kb used=30189Kb max_used=31909Kb free=89810Kb
 bounds [0x000002858c120000, 0x000002858e050000, 0x0000028593650000]
CodeHeap 'profiled nmethods': size=120000Kb used=34002Kb max_used=52552Kb free=85997Kb
 bounds [0x0000028584650000, 0x0000028587af0000, 0x000002858bb80000]
CodeHeap 'non-nmethods': size=5760Kb used=1530Kb max_used=1620Kb free=4230Kb
 bounds [0x000002858bb80000, 0x000002858bdf0000, 0x000002858c120000]
CodeCache: size=245760Kb, used=65721Kb, max_used=86081Kb, free=180037Kb
 total_blobs=15556, nmethods=14712, adapters=743, full_count=0
Compilation: enabled, stopped_count=0, restarted_count=0

Compilation events (20 events):
Event: 598752.472 Thread 0x0000028597e9f990 32187   !   3       org.eclipse.core.internal.localstore.FileSystemResourceManager::write (253 bytes)
Event: 598752.526 Thread 0x0000028597e9f990 nmethod 32187 0x0000028585b93090 code [0x0000028585b93560, 0x0000028585b95648]
Event: 598752.970 Thread 0x0000028597e9e910 32189       4       org.eclipse.jdt.internal.compiler.ast.CompilationUnitDeclaration::finalizeProblems (990 bytes)
Event: 598753.021 Thread 0x0000028597e9e910 nmethod 32189 0x000002858d12e590 code [0x000002858d12e9c0, 0x000002858d1306a0]
Event: 598766.684 Thread 0x0000028597e9f990 32190       3       com.sun.org.apache.xerces.internal.dom.CoreDocumentImpl::isKidOK (63 bytes)
Event: 598766.689 Thread 0x0000028597e9f990 nmethod 32190 0x0000028584b84f10 code [0x0000028584b85120, 0x0000028584b856e0]
Event: 598766.689 Thread 0x0000028597e9f990 32193       3       com.sun.org.apache.xerces.internal.dom.ParentNode::internalInsertBefore (651 bytes)
Event: 598766.706 Thread 0x0000028597e9f990 nmethod 32193 0x0000028584aa1e90 code [0x0000028584aa2380, 0x0000028584aa4b38]
Event: 598766.706 Thread 0x0000028597e9f990 32192       3       com.sun.org.apache.xerces.internal.dom.ParentNode::checkNormalizationAfterInsert (63 bytes)
Event: 598766.707 Thread 0x0000028597e9f990 nmethod 32192 0x00000285853b1d10 code [0x00000285853b1f40, 0x00000285853b26a8]
Event: 598766.707 Thread 0x0000028597e9f990 32191       3       com.sun.org.apache.xerces.internal.dom.DocumentImpl::insertingNode (17 bytes)
Event: 598766.709 Thread 0x0000028597e9f990 nmethod 32191 0x0000028584f5ab90 code [0x0000028584f5ad40, 0x0000028584f5af60]
Event: 598766.712 Thread 0x0000028597e9f990 32194       3       java.util.Properties::propertyNames (18 bytes)
Event: 598766.713 Thread 0x0000028597e9f990 nmethod 32194 0x0000028584d64d10 code [0x0000028584d64f20, 0x0000028584d65388]
Event: 598766.757 Thread 0x0000028597e9e910 32195       4       java.io.ObjectOutputStream$BlockDataOutputStream::writeBytes (144 bytes)
Event: 598766.767 Thread 0x0000028597e9e910 nmethod 32195 0x000002858c6de090 code [0x000002858c6de260, 0x000002858c6de908]
Event: 598766.781 Thread 0x0000028597e9e910 32196       4       org.eclipse.core.internal.watson.ElementTreeIterator::doIteration (114 bytes)
Event: 598766.793 Thread 0x0000028597e9e910 nmethod 32196 0x000002858c454990 code [0x000002858c454b80, 0x000002858c4550f8]
Event: 659239.486 Thread 0x0000028597e9e910 32197       4       org.eclipse.core.internal.resources.MarkerSet::shareStrings (57 bytes)
Event: 659239.840 Thread 0x0000028597e9e910 nmethod 32197 0x000002858c7ed090 code [0x000002858c7ed2a0, 0x000002858c7edc00]

GC Heap History (20 events):
Event: 598736.284 GC heap before
{Heap before GC invocations=15496 (full 10):
 PSYoungGen      total 12800K, used 11949K [0x00000000d5580000, 0x00000000d6380000, 0x0000000100000000)
  eden space 11264K, 98% used [0x00000000d5580000,0x00000000d605b038,0x00000000d6080000)
  from space 1536K, 54% used [0x00000000d6080000,0x00000000d6150610,0x00000000d6200000)
  to   space 1024K, 0% used [0x00000000d6280000,0x00000000d6280000,0x00000000d6380000)
 ParOldGen       total 1149952K, used 1149500K [0x0000000080000000, 0x00000000c6300000, 0x00000000d5580000)
  object space 1149952K, 99% used [0x0000000080000000,0x00000000c628f050,0x00000000c6300000)
 Metaspace       used 94280K, committed 95744K, reserved 1179648K
  class space    used 9053K, committed 9728K, reserved 1048576K
}
Event: 598736.290 GC heap after
{Heap after GC invocations=15496 (full 10):
 PSYoungGen      total 7168K, used 1021K [0x00000000d5580000, 0x00000000d6e80000, 0x0000000100000000)
  eden space 6144K, 0% used [0x00000000d5580000,0x00000000d5580000,0x00000000d5b80000)
  from space 1024K, 99% used [0x00000000d6280000,0x00000000d637f4e0,0x00000000d6380000)
  to   space 7168K, 0% used [0x00000000d5b80000,0x00000000d5b80000,0x00000000d6280000)
 ParOldGen       total 1154560K, used 1154516K [0x0000000080000000, 0x00000000c6780000, 0x00000000d5580000)
  object space 1154560K, 99% used [0x0000000080000000,0x00000000c6775050,0x00000000c6780000)
 Metaspace       used 94280K, committed 95744K, reserved 1179648K
  class space    used 9053K, committed 9728K, reserved 1048576K
}
Event: 598736.406 GC heap before
{Heap before GC invocations=15497 (full 10):
 PSYoungGen      total 7168K, used 7165K [0x00000000d5580000, 0x00000000d6e80000, 0x0000000100000000)
  eden space 6144K, 100% used [0x00000000d5580000,0x00000000d5b80000,0x00000000d5b80000)
  from space 1024K, 99% used [0x00000000d6280000,0x00000000d637f4e0,0x00000000d6380000)
  to   space 7168K, 0% used [0x00000000d5b80000,0x00000000d5b80000,0x00000000d6280000)
 ParOldGen       total 1154560K, used 1154516K [0x0000000080000000, 0x00000000c6780000, 0x00000000d5580000)
  object space 1154560K, 99% used [0x0000000080000000,0x00000000c6775050,0x00000000c6780000)
 Metaspace       used 94281K, committed 95744K, reserved 1179648K
  class space    used 9053K, committed 9728K, reserved 1048576K
}
Event: 598736.412 GC heap after
{Heap after GC invocations=15497 (full 10):
 PSYoungGen      total 9728K, used 3464K [0x00000000d5580000, 0x00000000d6480000, 0x0000000100000000)
  eden space 6144K, 0% used [0x00000000d5580000,0x00000000d5580000,0x00000000d5b80000)
  from space 3584K, 96% used [0x00000000d5b80000,0x00000000d5ee23f0,0x00000000d5f00000)
  to   space 4608K, 0% used [0x00000000d6000000,0x00000000d6000000,0x00000000d6480000)
 ParOldGen       total 1155584K, used 1155185K [0x0000000080000000, 0x00000000c6880000, 0x00000000d5580000)
  object space 1155584K, 99% used [0x0000000080000000,0x00000000c681c530,0x00000000c6880000)
 Metaspace       used 94281K, committed 95744K, reserved 1179648K
  class space    used 9053K, committed 9728K, reserved 1048576K
}
Event: 598739.039 GC heap before
{Heap before GC invocations=15498 (full 10):
 PSYoungGen      total 9728K, used 9608K [0x00000000d5580000, 0x00000000d6480000, 0x0000000100000000)
  eden space 6144K, 100% used [0x00000000d5580000,0x00000000d5b80000,0x00000000d5b80000)
  from space 3584K, 96% used [0x00000000d5b80000,0x00000000d5ee23f0,0x00000000d5f00000)
  to   space 4608K, 0% used [0x00000000d6000000,0x00000000d6000000,0x00000000d6480000)
 ParOldGen       total 1155584K, used 1155185K [0x0000000080000000, 0x00000000c6880000, 0x00000000d5580000)
  object space 1155584K, 99% used [0x0000000080000000,0x00000000c681c530,0x00000000c6880000)
 Metaspace       used 94281K, committed 95744K, reserved 1179648K
  class space    used 9053K, committed 9728K, reserved 1048576K
}
Event: 598739.044 GC heap after
{Heap after GC invocations=15498 (full 10):
 PSYoungGen      total 6656K, used 256K [0x00000000d5580000, 0x00000000d6080000, 0x0000000100000000)
  eden space 6144K, 0% used [0x00000000d5580000,0x00000000d5580000,0x00000000d5b80000)
  from space 512K, 50% used [0x00000000d6000000,0x00000000d6040000,0x00000000d6080000)
  to   space 2048K, 0% used [0x00000000d5c80000,0x00000000d5c80000,0x00000000d5e80000)
 ParOldGen       total 1158656K, used 1158242K [0x0000000080000000, 0x00000000c6b80000, 0x00000000d5580000)
  object space 1158656K, 99% used [0x0000000080000000,0x00000000c6b18910,0x00000000c6b80000)
 Metaspace       used 94281K, committed 95744K, reserved 1179648K
  class space    used 9053K, committed 9728K, reserved 1048576K
}
Event: 598739.062 GC heap before
{Heap before GC invocations=15499 (full 10):
 PSYoungGen      total 6656K, used 6188K [0x00000000d5580000, 0x00000000d6080000, 0x0000000100000000)
  eden space 6144K, 96% used [0x00000000d5580000,0x00000000d5b4b170,0x00000000d5b80000)
  from space 512K, 50% used [0x00000000d6000000,0x00000000d6040000,0x00000000d6080000)
  to   space 2048K, 0% used [0x00000000d5c80000,0x00000000d5c80000,0x00000000d5e80000)
 ParOldGen       total 1158656K, used 1158242K [0x0000000080000000, 0x00000000c6b80000, 0x00000000d5580000)
  object space 1158656K, 99% used [0x0000000080000000,0x00000000c6b18910,0x00000000c6b80000)
 Metaspace       used 94281K, committed 95744K, reserved 1179648K
  class space    used 9053K, committed 9728K, reserved 1048576K
}
Event: 598739.068 GC heap after
{Heap after GC invocations=15499 (full 10):
 PSYoungGen      total 8192K, used 256K [0x00000000d5580000, 0x00000000d6080000, 0x0000000100000000)
  eden space 6144K, 0% used [0x00000000d5580000,0x00000000d5580000,0x00000000d5b80000)
  from space 2048K, 12% used [0x00000000d5c80000,0x00000000d5cc0000,0x00000000d5e80000)
  to   space 512K, 0% used [0x00000000d6000000,0x00000000d6000000,0x00000000d6080000)
 ParOldGen       total 1158656K, used 1158306K [0x0000000080000000, 0x00000000c6b80000, 0x00000000d5580000)
  object space 1158656K, 99% used [0x0000000080000000,0x00000000c6b28910,0x00000000c6b80000)
 Metaspace       used 94281K, committed 95744K, reserved 1179648K
  class space    used 9053K, committed 9728K, reserved 1048576K
}
Event: 598739.077 GC heap before
{Heap before GC invocations=15500 (full 10):
 PSYoungGen      total 8192K, used 6208K [0x00000000d5580000, 0x00000000d6080000, 0x0000000100000000)
  eden space 6144K, 96% used [0x00000000d5580000,0x00000000d5b50198,0x00000000d5b80000)
  from space 2048K, 12% used [0x00000000d5c80000,0x00000000d5cc0000,0x00000000d5e80000)
  to   space 512K, 0% used [0x00000000d6000000,0x00000000d6000000,0x00000000d6080000)
 ParOldGen       total 1158656K, used 1158306K [0x0000000080000000, 0x00000000c6b80000, 0x00000000d5580000)
  object space 1158656K, 99% used [0x0000000080000000,0x00000000c6b28910,0x00000000c6b80000)
 Metaspace       used 94281K, committed 95744K, reserved 1179648K
  class space    used 9053K, committed 9728K, reserved 1048576K
}
Event: 598739.080 GC heap after
{Heap after GC invocations=15500 (full 10):
 PSYoungGen      total 6656K, used 483K [0x00000000d5580000, 0x00000000d6080000, 0x0000000100000000)
  eden space 6144K, 0% used [0x00000000d5580000,0x00000000d5580000,0x00000000d5b80000)
  from space 512K, 94% used [0x00000000d6000000,0x00000000d6078cb8,0x00000000d6080000)
  to   space 2560K, 0% used [0x00000000d5b80000,0x00000000d5b80000,0x00000000d5e00000)
 ParOldGen       total 1160192K, used 1159908K [0x0000000080000000, 0x00000000c6d00000, 0x00000000d5580000)
  object space 1160192K, 99% used [0x0000000080000000,0x00000000c6cb92f0,0x00000000c6d00000)
 Metaspace       used 94281K, committed 95744K, reserved 1179648K
  class space    used 9053K, committed 9728K, reserved 1048576K
}
Event: 598739.089 GC heap before
{Heap before GC invocations=15501 (full 10):
 PSYoungGen      total 6656K, used 6389K [0x00000000d5580000, 0x00000000d6080000, 0x0000000100000000)
  eden space 6144K, 96% used [0x00000000d5580000,0x00000000d5b449c8,0x00000000d5b80000)
  from space 512K, 94% used [0x00000000d6000000,0x00000000d6078cb8,0x00000000d6080000)
  to   space 2560K, 0% used [0x00000000d5b80000,0x00000000d5b80000,0x00000000d5e00000)
 ParOldGen       total 1160192K, used 1159908K [0x0000000080000000, 0x00000000c6d00000, 0x00000000d5580000)
  object space 1160192K, 99% used [0x0000000080000000,0x00000000c6cb92f0,0x00000000c6d00000)
 Metaspace       used 94281K, committed 95744K, reserved 1179648K
  class space    used 9053K, committed 9728K, reserved 1048576K
}
Event: 598739.092 GC heap after
{Heap after GC invocations=15501 (full 10):
 PSYoungGen      total 8704K, used 704K [0x00000000d5580000, 0x00000000d6080000, 0x0000000100000000)
  eden space 6144K, 0% used [0x00000000d5580000,0x00000000d5580000,0x00000000d5b80000)
  from space 2560K, 27% used [0x00000000d5b80000,0x00000000d5c30000,0x00000000d5e00000)
  to   space 1536K, 0% used [0x00000000d5f00000,0x00000000d5f00000,0x00000000d6080000)
 ParOldGen       total 1160192K, used 1159979K [0x0000000080000000, 0x00000000c6d00000, 0x00000000d5580000)
  object space 1160192K, 99% used [0x0000000080000000,0x00000000c6ccad30,0x00000000c6d00000)
 Metaspace       used 94281K, committed 95744K, reserved 1179648K
  class space    used 9053K, committed 9728K, reserved 1048576K
}
Event: 598739.100 GC heap before
{Heap before GC invocations=15502 (full 10):
 PSYoungGen      total 8704K, used 6848K [0x00000000d5580000, 0x00000000d6080000, 0x0000000100000000)
  eden space 6144K, 100% used [0x00000000d5580000,0x00000000d5b80000,0x00000000d5b80000)
  from space 2560K, 27% used [0x00000000d5b80000,0x00000000d5c30000,0x00000000d5e00000)
  to   space 1536K, 0% used [0x00000000d5f00000,0x00000000d5f00000,0x00000000d6080000)
 ParOldGen       total 1160192K, used 1159979K [0x0000000080000000, 0x00000000c6d00000, 0x00000000d5580000)
  object space 1160192K, 99% used [0x0000000080000000,0x00000000c6ccad30,0x00000000c6d00000)
 Metaspace       used 94281K, committed 95744K, reserved 1179648K
  class space    used 9053K, committed 9728K, reserved 1048576K
}
Event: 598739.104 GC heap after
{Heap after GC invocations=15502 (full 10):
 PSYoungGen      total 6656K, used 288K [0x00000000d5580000, 0x00000000d5f80000, 0x0000000100000000)
  eden space 6144K, 0% used [0x00000000d5580000,0x00000000d5580000,0x00000000d5b80000)
  from space 512K, 56% used [0x00000000d5f00000,0x00000000d5f48000,0x00000000d5f80000)
  to   space 1024K, 0% used [0x00000000d5d80000,0x00000000d5d80000,0x00000000d5e80000)
 ParOldGen       total 1160704K, used 1160499K [0x0000000080000000, 0x00000000c6d80000, 0x00000000d5580000)
  object space 1160704K, 99% used [0x0000000080000000,0x00000000c6d4cd30,0x00000000c6d80000)
 Metaspace       used 94281K, committed 95744K, reserved 1179648K
  class space    used 9053K, committed 9728K, reserved 1048576K
}
Event: 598752.356 GC heap before
{Heap before GC invocations=15503 (full 10):
 PSYoungGen      total 6656K, used 6432K [0x00000000d5580000, 0x00000000d5f80000, 0x0000000100000000)
  eden space 6144K, 100% used [0x00000000d5580000,0x00000000d5b80000,0x00000000d5b80000)
  from space 512K, 56% used [0x00000000d5f00000,0x00000000d5f48000,0x00000000d5f80000)
  to   space 1024K, 0% used [0x00000000d5d80000,0x00000000d5d80000,0x00000000d5e80000)
 ParOldGen       total 1160704K, used 1160499K [0x0000000080000000, 0x00000000c6d80000, 0x00000000d5580000)
  object space 1160704K, 99% used [0x0000000080000000,0x00000000c6d4cd30,0x00000000c6d80000)
 Metaspace       used 94281K, committed 95744K, reserved 1179648K
  class space    used 9053K, committed 9728K, reserved 1048576K
}
Event: 598752.360 GC heap after
{Heap after GC invocations=15503 (full 10):
 PSYoungGen      total 7168K, used 1005K [0x00000000d5580000, 0x00000000d6580000, 0x0000000100000000)
  eden space 6144K, 0% used [0x00000000d5580000,0x00000000d5580000,0x00000000d5b80000)
  from space 1024K, 98% used [0x00000000d5d80000,0x00000000d5e7b4e0,0x00000000d5e80000)
  to   space 5120K, 0% used [0x00000000d6080000,0x00000000d6080000,0x00000000d6580000)
 ParOldGen       total 1163776K, used 1163680K [0x0000000080000000, 0x00000000c7080000, 0x00000000d5580000)
  object space 1163776K, 99% used [0x0000000080000000,0x00000000c70681c0,0x00000000c7080000)
 Metaspace       used 94281K, committed 95744K, reserved 1179648K
  class space    used 9053K, committed 9728K, reserved 1048576K
}
Event: 598752.384 GC heap before
{Heap before GC invocations=15504 (full 10):
 PSYoungGen      total 7168K, used 7144K [0x00000000d5580000, 0x00000000d6580000, 0x0000000100000000)
  eden space 6144K, 99% used [0x00000000d5580000,0x00000000d5b7ed58,0x00000000d5b80000)
  from space 1024K, 98% used [0x00000000d5d80000,0x00000000d5e7b4e0,0x00000000d5e80000)
  to   space 5120K, 0% used [0x00000000d6080000,0x00000000d6080000,0x00000000d6580000)
 ParOldGen       total 1163776K, used 1163680K [0x0000000080000000, 0x00000000c7080000, 0x00000000d5580000)
  object space 1163776K, 99% used [0x0000000080000000,0x00000000c70681c0,0x00000000c7080000)
 Metaspace       used 94281K, committed 95744K, reserved 1179648K
  class space    used 9053K, committed 9728K, reserved 1048576K
}
Event: 598752.388 GC heap after
{Heap after GC invocations=15504 (full 10):
 PSYoungGen      total 9728K, used 3461K [0x00000000d5580000, 0x00000000d6400000, 0x0000000100000000)
  eden space 6144K, 0% used [0x00000000d5580000,0x00000000d5580000,0x00000000d5b80000)
  from space 3584K, 96% used [0x00000000d6080000,0x00000000d63e1780,0x00000000d6400000)
  to   space 4096K, 0% used [0x00000000d5c00000,0x00000000d5c00000,0x00000000d6000000)
 ParOldGen       total 1163776K, used 1163736K [0x0000000080000000, 0x00000000c7080000, 0x00000000d5580000)
  object space 1163776K, 99% used [0x0000000080000000,0x00000000c70761d0,0x00000000c7080000)
 Metaspace       used 94281K, committed 95744K, reserved 1179648K
  class space    used 9053K, committed 9728K, reserved 1048576K
}
Event: 607794.497 GC heap before
{Heap before GC invocations=15505 (full 10):
 PSYoungGen      total 9728K, used 9605K [0x00000000d5580000, 0x00000000d6400000, 0x0000000100000000)
  eden space 6144K, 100% used [0x00000000d5580000,0x00000000d5b80000,0x00000000d5b80000)
  from space 3584K, 96% used [0x00000000d6080000,0x00000000d63e1780,0x00000000d6400000)
  to   space 4096K, 0% used [0x00000000d5c00000,0x00000000d5c00000,0x00000000d6000000)
 ParOldGen       total 1163776K, used 1163736K [0x0000000080000000, 0x00000000c7080000, 0x00000000d5580000)
  object space 1163776K, 99% used [0x0000000080000000,0x00000000c70761d0,0x00000000c7080000)
 Metaspace       used 94294K, committed 95744K, reserved 1179648K
  class space    used 9053K, committed 9728K, reserved 1048576K
}
Event: 607795.527 GC heap after
{Heap after GC invocations=15505 (full 10):
 PSYoungGen      total 7168K, used 912K [0x00000000d5580000, 0x00000000d6100000, 0x0000000100000000)
  eden space 6144K, 0% used [0x00000000d5580000,0x00000000d5580000,0x00000000d5b80000)
  from space 1024K, 89% used [0x00000000d5c00000,0x00000000d5ce4020,0x00000000d5d00000)
  to   space 2048K, 0% used [0x00000000d5f00000,0x00000000d5f00000,0x00000000d6100000)
 ParOldGen       total 1166336K, used 1166040K [0x0000000080000000, 0x00000000c7300000, 0x00000000d5580000)
  object space 1166336K, 99% used [0x0000000080000000,0x00000000c72b61d0,0x00000000c7300000)
 Metaspace       used 94294K, committed 95744K, reserved 1179648K
  class space    used 9053K, committed 9728K, reserved 1048576K
}

Dll operation events (14 events):
Event: 0.329 Loaded shared library c:\Users\PC\.vscode\extensions\redhat.java-1.50.0-win32-x64\jre\21.0.9-win32-x86_64\bin\java.dll
Event: 0.576 Loaded shared library c:\Users\PC\.vscode\extensions\redhat.java-1.50.0-win32-x64\jre\21.0.9-win32-x86_64\bin\zip.dll
Event: 0.605 Loaded shared library C:\Users\PC\.vscode\extensions\redhat.java-1.50.0-win32-x64\jre\21.0.9-win32-x86_64\bin\instrument.dll
Event: 0.670 Loaded shared library C:\Users\PC\.vscode\extensions\redhat.java-1.50.0-win32-x64\jre\21.0.9-win32-x86_64\bin\net.dll
Event: 0.722 Loaded shared library C:\Users\PC\.vscode\extensions\redhat.java-1.50.0-win32-x64\jre\21.0.9-win32-x86_64\bin\nio.dll
Event: 0.726 Loaded shared library C:\Users\PC\.vscode\extensions\redhat.java-1.50.0-win32-x64\jre\21.0.9-win32-x86_64\bin\zip.dll
Event: 0.754 Loaded shared library C:\Users\PC\.vscode\extensions\redhat.java-1.50.0-win32-x64\jre\21.0.9-win32-x86_64\bin\jimage.dll
Event: 0.951 Loaded shared library c:\Users\PC\.vscode\extensions\redhat.java-1.50.0-win32-x64\jre\21.0.9-win32-x86_64\bin\verify.dll
Event: 8.606 Loaded shared library C:\Users\PC\AppData\Roaming\Code\User\globalStorage\redhat.java\1.50.0\config_win\org.eclipse.equinox.launcher\org.eclipse.equinox.launcher.win32.win32.x86_64_1.2.1400.v20250801-0854\eclipse_11916.dll
Event: 17.100 Loaded shared library C:\Users\PC\.vscode\extensions\redhat.java-1.50.0-win32-x64\jre\21.0.9-win32-x86_64\bin\management.dll
Event: 17.107 Loaded shared library C:\Users\PC\.vscode\extensions\redhat.java-1.50.0-win32-x64\jre\21.0.9-win32-x86_64\bin\management_ext.dll
Event: 18.300 Loaded shared library C:\Users\PC\AppData\Local\Temp\jna-2547\jna3659361988985558416.dll
Event: 18.499 Loaded shared library C:\Users\PC\.vscode\extensions\redhat.java-1.50.0-win32-x64\jre\21.0.9-win32-x86_64\bin\sunmscapi.dll
Event: 19.053 Loaded shared library C:\Users\PC\.vscode\extensions\redhat.java-1.50.0-win32-x64\jre\21.0.9-win32-x86_64\bin\extnet.dll

Deoptimization events (20 events):
Event: 598261.999 Thread 0x00000285e16e8480 Uncommon trap: trap_request=0xffffffbe fr.pc=0x000002858d646a60 relative=0x0000000000001f40
Event: 598261.999 Thread 0x00000285e16e8480 Uncommon trap: reason=profile_predicate action=maybe_recompile pc=0x000002858d646a60 method=org.eclipse.jdt.core.dom.ASTConverter.convert(ZLorg/eclipse/jdt/internal/compiler/ast/AbstractMethodDeclaration;)Lorg/eclipse/jdt/core/dom/ASTNode; @ 1072 c2
Event: 598261.999 Thread 0x00000285e16e8480 DEOPT PACKING pc=0x000002858d646a60 sp=0x000000a9dedfe600
Event: 598262.000 Thread 0x00000285e16e8480 DEOPT UNPACKING pc=0x000002858bbd3aa2 sp=0x000000a9dedfe560 mode 2
Event: 598263.821 Thread 0x00000285e16ebf90 Uncommon trap: trap_request=0xffffffbe fr.pc=0x000002858d646a60 relative=0x0000000000001f40
Event: 598263.821 Thread 0x00000285e16ebf90 Uncommon trap: reason=profile_predicate action=maybe_recompile pc=0x000002858d646a60 method=org.eclipse.jdt.core.dom.ASTConverter.convert(ZLorg/eclipse/jdt/internal/compiler/ast/AbstractMethodDeclaration;)Lorg/eclipse/jdt/core/dom/ASTNode; @ 1072 c2
Event: 598263.821 Thread 0x00000285e16ebf90 DEOPT PACKING pc=0x000002858d646a60 sp=0x000000a9e05fe8b0
Event: 598263.822 Thread 0x00000285e16ebf90 DEOPT UNPACKING pc=0x000002858bbd3aa2 sp=0x000000a9e05fe810 mode 2
Event: 598437.098 Thread 0x00000285e16eccb0 Uncommon trap: trap_request=0xffffff45 fr.pc=0x000002858c502438 relative=0x0000000000001e18
Event: 598437.099 Thread 0x00000285e16eccb0 Uncommon trap: reason=unstable_if action=reinterpret pc=0x000002858c502438 method=org.eclipse.jdt.ls.core.internal.handlers.BaseDocumentLifeCycleHandler.performValidation(Lorg/eclipse/core/runtime/IProgressMonitor;)Lorg/eclipse/core/runtime/IStatus; @ 86 
Event: 598437.099 Thread 0x00000285e16eccb0 DEOPT PACKING pc=0x000002858c502438 sp=0x000000a9e07ff4c0
Event: 598437.099 Thread 0x00000285e16eccb0 DEOPT UNPACKING pc=0x000002858bbd3aa2 sp=0x000000a9e07ff408 mode 2
Event: 598658.649 Thread 0x00000285e16ebf90 Uncommon trap: trap_request=0xffffff45 fr.pc=0x000002858c55c598 relative=0x0000000000000678
Event: 598658.650 Thread 0x00000285e16ebf90 Uncommon trap: reason=unstable_if action=reinterpret pc=0x000002858c55c598 method=org.eclipse.jdt.internal.core.util.BindingKeyParser$Scanner.nextToken()I @ 49 c2
Event: 598658.650 Thread 0x00000285e16ebf90 DEOPT PACKING pc=0x000002858c55c598 sp=0x000000a9e05fea10
Event: 598658.651 Thread 0x00000285e16ebf90 DEOPT UNPACKING pc=0x000002858bbd3aa2 sp=0x000000a9e05fe998 mode 2
Event: 598690.779 Thread 0x00000285e16ebf90 Uncommon trap: trap_request=0xffffff54 fr.pc=0x000002858d0d2e9c relative=0x0000000000000a9c
Event: 598690.779 Thread 0x00000285e16ebf90 Uncommon trap: reason=speculate_null_assert action=make_not_entrant pc=0x000002858d0d2e9c method=org.eclipse.jdt.internal.corext.dom.ASTNodes.getTypeBinding(Lorg/eclipse/jdt/core/dom/CompilationUnit;Lorg/eclipse/jdt/core/IType;)Lorg/eclipse/jdt/core/dom/I
Event: 598690.779 Thread 0x00000285e16ebf90 DEOPT PACKING pc=0x000002858d0d2e9c sp=0x000000a9e05fee80
Event: 598690.779 Thread 0x00000285e16ebf90 DEOPT UNPACKING pc=0x000002858bbd3aa2 sp=0x000000a9e05fed90 mode 2

Classes loaded (20 events):
Event: 1074.259 Loading class java/nio/channels/CompletionHandler
Event: 1074.260 Loading class java/nio/channels/CompletionHandler done
Event: 170133.706 Loading class jdk/internal/icu/text/NormalizerBase$NFCModeImpl
Event: 170133.709 Loading class jdk/internal/icu/text/NormalizerBase$NFCModeImpl done
Event: 170133.711 Loading class jdk/internal/icu/impl/Norm2AllModes$NFCSingleton
Event: 170133.713 Loading class jdk/internal/icu/impl/Norm2AllModes$NFCSingleton done
Event: 170133.738 Loading class java/nio/StringCharBuffer
Event: 170133.740 Loading class java/nio/StringCharBuffer done
Event: 172619.578 Loading class java/util/concurrent/ConcurrentHashMap$TreeNode
Event: 172619.589 Loading class java/util/concurrent/ConcurrentHashMap$TreeNode done
Event: 172619.591 Loading class java/util/concurrent/ConcurrentHashMap$TreeBin
Event: 172619.613 Loading class java/util/concurrent/ConcurrentHashMap$TreeBin done
Event: 306137.954 Loading class java/util/Collections$EmptyListIterator
Event: 306137.958 Loading class java/util/Collections$EmptyListIterator done
Event: 306154.843 Loading class java/lang/StringLatin1$CharsSpliterator
Event: 306154.844 Loading class java/lang/StringLatin1$CharsSpliterator done
Event: 395572.381 Loading class jdk/internal/access/JavaAWTAccess
Event: 395572.423 Loading class jdk/internal/access/JavaAWTAccess done
Event: 432948.342 Loading class java/util/Scanner
Event: 432948.369 Loading class java/util/Scanner done

Classes unloaded (20 events):
Event: 519986.239 Thread 0x00000285fefd18e0 Unloading class 0x0000028599999400 'java/lang/invoke/LambdaForm$BMH+0x0000028599999400'
Event: 519986.239 Thread 0x00000285fefd18e0 Unloading class 0x0000028599950000 'java/lang/invoke/LambdaForm$MH+0x0000028599950000'
Event: 519986.240 Thread 0x00000285fefd18e0 Unloading class 0x0000028599111c00 'java/lang/invoke/LambdaForm$MH+0x0000028599111c00'
Event: 519986.240 Thread 0x00000285fefd18e0 Unloading class 0x00000285998a0800 'java/lang/invoke/LambdaForm$MH+0x00000285998a0800'
Event: 519986.240 Thread 0x00000285fefd18e0 Unloading class 0x0000028599969000 'java/lang/invoke/LambdaForm$MH+0x0000028599969000'
Event: 519986.240 Thread 0x00000285fefd18e0 Unloading class 0x00000285995f0c00 'java/lang/invoke/LambdaForm$MH+0x00000285995f0c00'
Event: 519986.240 Thread 0x00000285fefd18e0 Unloading class 0x0000028599981000 'java/lang/invoke/LambdaForm$MH+0x0000028599981000'
Event: 519986.240 Thread 0x00000285fefd18e0 Unloading class 0x000002859996f400 'java/lang/invoke/LambdaForm$MH+0x000002859996f400'
Event: 519986.241 Thread 0x00000285fefd18e0 Unloading class 0x000002859996f000 'java/lang/invoke/LambdaForm$DMH+0x000002859996f000'
Event: 519986.241 Thread 0x00000285fefd18e0 Unloading class 0x000002859996ec00 'java/lang/invoke/LambdaForm$DMH+0x000002859996ec00'
Event: 519986.241 Thread 0x00000285fefd18e0 Unloading class 0x000002859996e800 'java/lang/invoke/LambdaForm$DMH+0x000002859996e800'
Event: 519986.241 Thread 0x00000285fefd18e0 Unloading class 0x000002859996ac00 'java/lang/invoke/LambdaForm$DMH+0x000002859996ac00'
Event: 519986.241 Thread 0x00000285fefd18e0 Unloading class 0x000002859996a800 'java/lang/invoke/LambdaForm$DMH+0x000002859996a800'
Event: 519986.241 Thread 0x00000285fefd18e0 Unloading class 0x0000028599968400 'java/lang/invoke/LambdaForm$DMH+0x0000028599968400'
Event: 519986.242 Thread 0x00000285fefd18e0 Unloading class 0x0000028599548800 'java/lang/invoke/LambdaForm$MH+0x0000028599548800'
Event: 519986.242 Thread 0x00000285fefd18e0 Unloading class 0x0000028599545800 'jdk/internal/reflect/GeneratedSerializationConstructorAccessor6'
Event: 519986.243 Thread 0x00000285fefd18e0 Unloading class 0x0000028599544400 'jdk/internal/reflect/GeneratedSerializationConstructorAccessor5'
Event: 519986.243 Thread 0x00000285fefd18e0 Unloading class 0x00000285993d8400 'jdk/internal/reflect/GeneratedSerializationConstructorAccessor4'
Event: 519986.243 Thread 0x00000285fefd18e0 Unloading class 0x00000285990a8c00 'java/lang/invoke/LambdaForm$DMH+0x00000285990a8c00'
Event: 519986.244 Thread 0x00000285fefd18e0 Unloading class 0x0000028599980800 'java/lang/invoke/LambdaForm$MH+0x0000028599980800'

Classes redefined (0 events):
No events

Internal exceptions (20 events):
Event: 598658.868 Thread 0x00000285e16ebf90 Exception <a 'java/lang/ClassNotFoundException'{0x00000000d5d4c090}: sun/net/www/protocol/jdt/Handler> (0x00000000d5d4c090) 
thrown [s\src\hotspot\share\classfile\systemDictionary.cpp, line 312]
Event: 598658.868 Thread 0x00000285e16ebf90 Exception <a 'java/lang/ClassNotFoundException'{0x00000000d5d4e4c0}: sun/net/www/protocol/jdt/Handler> (0x00000000d5d4e4c0) 
thrown [s\src\hotspot\share\classfile\systemDictionary.cpp, line 312]
Event: 598658.868 Thread 0x00000285e16ebf90 Exception <a 'java/lang/ClassNotFoundException'{0x00000000d5d519b8}: sun/net/www/protocol/jdt/Handler> (0x00000000d5d519b8) 
thrown [s\src\hotspot\share\classfile\systemDictionary.cpp, line 312]
Event: 598658.868 Thread 0x00000285e16ebf90 Exception <a 'java/lang/ClassNotFoundException'{0x00000000d5d541d8}: sun/net/www/protocol/jdt/Handler> (0x00000000d5d541d8) 
thrown [s\src\hotspot\share\classfile\systemDictionary.cpp, line 312]
Event: 598658.868 Thread 0x00000285e16ebf90 Exception <a 'java/lang/ClassNotFoundException'{0x00000000d5d56a78}: sun/net/www/protocol/jdt/Handler> (0x00000000d5d56a78) 
thrown [s\src\hotspot\share\classfile\systemDictionary.cpp, line 312]
Event: 598692.960 Thread 0x00000285e0e20530 Exception <a 'java/lang/ClassNotFoundException'{0x00000000d5722938}: sun/net/www/protocol/eclipse-javadoc/Handler> (0x00000000d5722938) 
thrown [s\src\hotspot\share\classfile\systemDictionary.cpp, line 312]
Event: 598692.960 Thread 0x00000285e0e20530 Exception <a 'java/lang/ClassNotFoundException'{0x00000000d5734e98}: sun/net/www/protocol/eclipse-javadoc/Handler> (0x00000000d5734e98) 
thrown [s\src\hotspot\share\classfile\systemDictionary.cpp, line 312]
Event: 598693.115 Thread 0x00000285e0e20530 Exception <a 'java/lang/ClassNotFoundException'{0x00000000d5b5c428}: sun/net/www/protocol/jdt/Handler> (0x00000000d5b5c428) 
thrown [s\src\hotspot\share\classfile\systemDictionary.cpp, line 312]
Event: 598693.116 Thread 0x00000285e0e20530 Exception <a 'java/lang/ClassNotFoundException'{0x00000000d5b5e2f8}: sun/net/www/protocol/jdt/Handler> (0x00000000d5b5e2f8) 
thrown [s\src\hotspot\share\classfile\systemDictionary.cpp, line 312]
Event: 598693.116 Thread 0x00000285e0e20530 Exception <a 'java/lang/ClassNotFoundException'{0x00000000d5b61400}: sun/net/www/protocol/jdt/Handler> (0x00000000d5b61400) 
thrown [s\src\hotspot\share\classfile\systemDictionary.cpp, line 312]
Event: 598736.249 Thread 0x00000285df25be10 Exception <a 'sun/nio/fs/WindowsException'{0x00000000d59bed70}> (0x00000000d59bed70) 
thrown [s\src\hotspot\share\prims\jni.cpp, line 520]
Event: 598736.393 Thread 0x00000285df25be10 Exception <a 'sun/nio/fs/WindowsException'{0x00000000d5a984c0}> (0x00000000d5a984c0) 
thrown [s\src\hotspot\share\prims\jni.cpp, line 520]
Event: 598739.106 Thread 0x00000285e16ebf90 Exception <a 'java/lang/ClassNotFoundException'{0x00000000d5687010}: sun/net/www/protocol/jdt/Handler> (0x00000000d5687010) 
thrown [s\src\hotspot\share\classfile\systemDictionary.cpp, line 312]
Event: 598739.106 Thread 0x00000285e16ebf90 Exception <a 'java/lang/ClassNotFoundException'{0x00000000d5689498}: sun/net/www/protocol/jdt/Handler> (0x00000000d5689498) 
thrown [s\src\hotspot\share\classfile\systemDictionary.cpp, line 312]
Event: 598739.106 Thread 0x00000285e16ebf90 Exception <a 'java/lang/ClassNotFoundException'{0x00000000d569bb28}: sun/net/www/protocol/jdt/Handler> (0x00000000d569bb28) 
thrown [s\src\hotspot\share\classfile\systemDictionary.cpp, line 312]
Event: 598739.106 Thread 0x00000285e16ebf90 Exception <a 'java/lang/ClassNotFoundException'{0x00000000d569f020}: sun/net/www/protocol/jdt/Handler> (0x00000000d569f020) 
thrown [s\src\hotspot\share\classfile\systemDictionary.cpp, line 312]
Event: 598739.106 Thread 0x00000285e16ebf90 Exception <a 'java/lang/ClassNotFoundException'{0x00000000d56a1840}: sun/net/www/protocol/jdt/Handler> (0x00000000d56a1840) 
thrown [s\src\hotspot\share\classfile\systemDictionary.cpp, line 312]
Event: 598739.106 Thread 0x00000285e16ebf90 Exception <a 'java/lang/ClassNotFoundException'{0x00000000d56a3e90}: sun/net/www/protocol/jdt/Handler> (0x00000000d56a3e90) 
thrown [s\src\hotspot\share\classfile\systemDictionary.cpp, line 312]
Event: 598752.346 Thread 0x00000285df25be10 Exception <a 'sun/nio/fs/WindowsException'{0x00000000d5737e68}> (0x00000000d5737e68) 
thrown [s\src\hotspot\share\prims\jni.cpp, line 520]
Event: 598752.410 Thread 0x00000285df25be10 Exception <a 'sun/nio/fs/WindowsException'{0x00000000d5653738}> (0x00000000d5653738) 
thrown [s\src\hotspot\share\prims\jni.cpp, line 520]

ZGC Phase Switch (0 events):
No events

VM Operations (20 events):
Event: 672753.149 Executing VM operation: HandshakeAllThreads (HandshakeForDeflation)
Event: 672753.153 Executing VM operation: HandshakeAllThreads (HandshakeForDeflation) done
Event: 672753.153 Executing VM operation: RendezvousGCThreads
Event: 672753.153 Executing VM operation: RendezvousGCThreads done
Event: 673654.866 Executing VM operation: HandshakeAllThreads (HandshakeForDeflation)
Event: 673654.870 Executing VM operation: HandshakeAllThreads (HandshakeForDeflation) done
Event: 673654.870 Executing VM operation: RendezvousGCThreads
Event: 673654.870 Executing VM operation: RendezvousGCThreads done
Event: 674586.169 Executing VM operation: HandshakeAllThreads (HandshakeForDeflation)
Event: 674586.173 Executing VM operation: HandshakeAllThreads (HandshakeForDeflation) done
Event: 674586.174 Executing VM operation: RendezvousGCThreads
Event: 674586.174 Executing VM operation: RendezvousGCThreads done
Event: 675475.812 Executing VM operation: HandshakeAllThreads (HandshakeForDeflation)
Event: 675475.828 Executing VM operation: HandshakeAllThreads (HandshakeForDeflation) done
Event: 675475.828 Executing VM operation: RendezvousGCThreads
Event: 675475.828 Executing VM operation: RendezvousGCThreads done
Event: 676377.560 Executing VM operation: HandshakeAllThreads (HandshakeForDeflation)
Event: 676377.565 Executing VM operation: HandshakeAllThreads (HandshakeForDeflation) done
Event: 676377.565 Executing VM operation: RendezvousGCThreads
Event: 676377.566 Executing VM operation: RendezvousGCThreads done

Memory protections (0 events):
No events

Nmethod flushes (20 events):
Event: 520004.668 Thread 0x00000285fefd18e0 flushing  nmethod 0x00000285878f3790
Event: 520004.668 Thread 0x00000285fefd18e0 flushing  nmethod 0x00000285878f7c10
Event: 520004.668 Thread 0x00000285fefd18e0 flushing  nmethod 0x000002858791f490
Event: 520004.668 Thread 0x00000285fefd18e0 flushing  nmethod 0x000002858791f910
Event: 520004.668 Thread 0x00000285fefd18e0 flushing  nmethod 0x0000028587920410
Event: 520004.668 Thread 0x00000285fefd18e0 flushing  nmethod 0x0000028587920b10
Event: 520004.669 Thread 0x00000285fefd18e0 flushing  nmethod 0x0000028587926310
Event: 520004.669 Thread 0x00000285fefd18e0 flushing  nmethod 0x0000028587932510
Event: 520004.669 Thread 0x00000285fefd18e0 flushing  nmethod 0x000002858793aa10
Event: 520004.669 Thread 0x00000285fefd18e0 flushing  nmethod 0x000002858793b510
Event: 520004.669 Thread 0x00000285fefd18e0 flushing  nmethod 0x000002858794df10
Event: 520004.669 Thread 0x00000285fefd18e0 flushing  nmethod 0x0000028587957010
Event: 520004.670 Thread 0x00000285fefd18e0 flushing  nmethod 0x0000028587981210
Event: 520004.670 Thread 0x00000285fefd18e0 flushing  nmethod 0x0000028587986690
Event: 520004.670 Thread 0x00000285fefd18e0 flushing  nmethod 0x0000028587992a10
Event: 520004.670 Thread 0x00000285fefd18e0 flushing  nmethod 0x00000285879a0190
Event: 520004.670 Thread 0x00000285fefd18e0 flushing  nmethod 0x00000285879a0590
Event: 520004.670 Thread 0x00000285fefd18e0 flushing  nmethod 0x00000285879f0290
Event: 520004.670 Thread 0x00000285fefd18e0 flushing  nmethod 0x0000028587a3f010
Event: 520004.671 Thread 0x00000285fefd18e0 flushing  nmethod 0x0000028587a79e10

Events (20 events):
Event: 598736.400 Thread 0x00000285e16eb900 Thread added: 0x00000285e0e239b0
Event: 598752.457 Thread 0x00000285e0e22600 Thread added: 0x00000285e0e26110
Event: 598753.155 Thread 0x00000285e0e20530 Thread exited: 0x00000285e0e20530
Event: 598766.728 Thread 0x00000285e0e253f0 Thread added: 0x00000285e0e20530
Event: 598766.731 Thread 0x00000285e0e20530 Thread exited: 0x00000285e0e20530
Event: 598766.741 Thread 0x00000285e0e253f0 Thread added: 0x00000285e0e20530
Event: 598766.743 Thread 0x00000285e0e20530 Thread added: 0x00000285e164df00
Event: 598766.744 Thread 0x00000285e0e20530 Thread exited: 0x00000285e0e20530
Event: 598766.744 Thread 0x00000285e164df00 Thread exited: 0x00000285e164df00
Event: 598771.862 Thread 0x00000285e0e21f70 Thread exited: 0x00000285e0e21f70
Event: 598799.111 Thread 0x00000285e16ebf90 Thread exited: 0x00000285e16ebf90
Event: 598803.837 Thread 0x00000285e0e22c90 Thread exited: 0x00000285e0e22c90
Event: 598812.477 Thread 0x00000285e0e239b0 Thread exited: 0x00000285e0e239b0
Event: 598826.645 Thread 0x00000285e16eccb0 Thread exited: 0x00000285e16eccb0
Event: 598826.915 Thread 0x00000285e0e253f0 Thread exited: 0x00000285e0e253f0
Event: 598859.118 Thread 0x00000285e0e24d60 Thread exited: 0x00000285e0e24d60
Event: 598919.118 Thread 0x00000285e16e8480 Thread exited: 0x00000285e16e8480
Event: 598979.129 Thread 0x00000285e16e9830 Thread exited: 0x00000285e16e9830
Event: 599036.406 Thread 0x00000285e0e25a80 Thread exited: 0x00000285e0e25a80
Event: 599052.468 Thread 0x00000285e0e26110 Thread exited: 0x00000285e0e26110


Dynamic libraries:
0x00007ff72b4d0000 - 0x00007ff72b4de000 	c:\Users\PC\.vscode\extensions\redhat.java-1.50.0-win32-x64\jre\21.0.9-win32-x86_64\bin\java.exe
0x00007ffec0210000 - 0x00007ffec0427000 	C:\WINDOWS\SYSTEM32\ntdll.dll
0x00007ffebf300000 - 0x00007ffebf3c4000 	C:\WINDOWS\System32\KERNEL32.DLL
0x00007ffebd680000 - 0x00007ffebda3a000 	C:\WINDOWS\System32\KERNELBASE.dll
0x00007ffebd4e0000 - 0x00007ffebd5f1000 	C:\WINDOWS\System32\ucrtbase.dll
0x00007ffeb82f0000 - 0x00007ffeb830e000 	c:\Users\PC\.vscode\extensions\redhat.java-1.50.0-win32-x64\jre\21.0.9-win32-x86_64\bin\VCRUNTIME140.dll
0x00007ffeb44a0000 - 0x00007ffeb44b8000 	c:\Users\PC\.vscode\extensions\redhat.java-1.50.0-win32-x64\jre\21.0.9-win32-x86_64\bin\jli.dll
0x00007ffebf650000 - 0x00007ffebf7fe000 	C:\WINDOWS\System32\USER32.dll
0x00007ffebdd70000 - 0x00007ffebdd96000 	C:\WINDOWS\System32\win32u.dll
0x00007ffea7c40000 - 0x00007ffea7ed2000 	C:\WINDOWS\WinSxS\amd64_microsoft.windows.common-controls_6595b64144ccf1df_6.0.22621.4541_none_2710d1c57384c085\COMCTL32.dll
0x00007ffec01a0000 - 0x00007ffec01c9000 	C:\WINDOWS\System32\GDI32.dll
0x00007ffebdae0000 - 0x00007ffebdbfb000 	C:\WINDOWS\System32\gdi32full.dll
0x00007ffebf5a0000 - 0x00007ffebf647000 	C:\WINDOWS\System32\msvcrt.dll
0x00007ffebda40000 - 0x00007ffebdada000 	C:\WINDOWS\System32\msvcp_win.dll
0x00007ffec0160000 - 0x00007ffec0191000 	C:\WINDOWS\System32\IMM32.DLL
0x00007ffeb4490000 - 0x00007ffeb449c000 	c:\Users\PC\.vscode\extensions\redhat.java-1.50.0-win32-x64\jre\21.0.9-win32-x86_64\bin\vcruntime140_1.dll
0x00007ffe8f960000 - 0x00007ffe8f9ed000 	c:\Users\PC\.vscode\extensions\redhat.java-1.50.0-win32-x64\jre\21.0.9-win32-x86_64\bin\msvcp140.dll
0x00007ffe04db0000 - 0x00007ffe05b50000 	c:\Users\PC\.vscode\extensions\redhat.java-1.50.0-win32-x64\jre\21.0.9-win32-x86_64\bin\server\jvm.dll
0x00007ffebe3b0000 - 0x00007ffebe462000 	C:\WINDOWS\System32\ADVAPI32.dll
0x00007ffebf4f0000 - 0x00007ffebf597000 	C:\WINDOWS\System32\sechost.dll
0x00007ffebdd40000 - 0x00007ffebdd68000 	C:\WINDOWS\System32\bcrypt.dll
0x00007ffebe470000 - 0x00007ffebe584000 	C:\WINDOWS\System32\RPCRT4.dll
0x00007ffebf470000 - 0x00007ffebf4e1000 	C:\WINDOWS\System32\WS2_32.dll
0x00007ffebd200000 - 0x00007ffebd24d000 	C:\WINDOWS\SYSTEM32\POWRPROF.dll
0x00007ffeb6110000 - 0x00007ffeb6144000 	C:\WINDOWS\SYSTEM32\WINMM.dll
0x00007ffeb8390000 - 0x00007ffeb839a000 	C:\WINDOWS\SYSTEM32\VERSION.dll
0x00007ffebd1e0000 - 0x00007ffebd1f3000 	C:\WINDOWS\SYSTEM32\UMPDC.dll
0x00007ffebc4e0000 - 0x00007ffebc4f8000 	C:\WINDOWS\SYSTEM32\kernel.appcore.dll
0x00007ffeb4480000 - 0x00007ffeb448a000 	c:\Users\PC\.vscode\extensions\redhat.java-1.50.0-win32-x64\jre\21.0.9-win32-x86_64\bin\jimage.dll
0x00007ffea8320000 - 0x00007ffea8552000 	C:\WINDOWS\SYSTEM32\DBGHELP.DLL
0x00007ffebdf30000 - 0x00007ffebe2bf000 	C:\WINDOWS\System32\combase.dll
0x00007ffebf060000 - 0x00007ffebf137000 	C:\WINDOWS\System32\OLEAUT32.dll
0x00007ffea4c90000 - 0x00007ffea4cc2000 	C:\WINDOWS\SYSTEM32\dbgcore.DLL
0x00007ffebd600000 - 0x00007ffebd67b000 	C:\WINDOWS\System32\bcryptPrimitives.dll
0x00007ffead570000 - 0x00007ffead57f000 	c:\Users\PC\.vscode\extensions\redhat.java-1.50.0-win32-x64\jre\21.0.9-win32-x86_64\bin\instrument.dll
0x00007ffea42f0000 - 0x00007ffea4310000 	c:\Users\PC\.vscode\extensions\redhat.java-1.50.0-win32-x64\jre\21.0.9-win32-x86_64\bin\java.dll
0x00007ffebe660000 - 0x00007ffebeed8000 	C:\WINDOWS\System32\SHELL32.dll
0x00007ffebb3d0000 - 0x00007ffebbcd8000 	C:\WINDOWS\SYSTEM32\windows.storage.dll
0x00007ffebb290000 - 0x00007ffebb3cf000 	C:\WINDOWS\SYSTEM32\wintypes.dll
0x00007ffebf9b0000 - 0x00007ffebfaaa000 	C:\WINDOWS\System32\SHCORE.dll
0x00007ffebe2f0000 - 0x00007ffebe34e000 	C:\WINDOWS\System32\shlwapi.dll
0x00007ffebd410000 - 0x00007ffebd43b000 	C:\WINDOWS\SYSTEM32\profapi.dll
0x00007ffea41d0000 - 0x00007ffea41e8000 	c:\Users\PC\.vscode\extensions\redhat.java-1.50.0-win32-x64\jre\21.0.9-win32-x86_64\bin\zip.dll
0x00007ffea71f0000 - 0x00007ffea7200000 	C:\Users\PC\.vscode\extensions\redhat.java-1.50.0-win32-x64\jre\21.0.9-win32-x86_64\bin\net.dll
0x00007ffeb5fd0000 - 0x00007ffeb6106000 	C:\WINDOWS\SYSTEM32\WINHTTP.dll
0x00007ffebc950000 - 0x00007ffebc9b9000 	C:\WINDOWS\system32\mswsock.dll
0x00007ffea41b0000 - 0x00007ffea41c6000 	C:\Users\PC\.vscode\extensions\redhat.java-1.50.0-win32-x64\jre\21.0.9-win32-x86_64\bin\nio.dll
0x00007ffea42e0000 - 0x00007ffea42f0000 	c:\Users\PC\.vscode\extensions\redhat.java-1.50.0-win32-x64\jre\21.0.9-win32-x86_64\bin\verify.dll
0x00007ffe78730000 - 0x00007ffe78774000 	C:\Users\PC\AppData\Roaming\Code\User\globalStorage\redhat.java\1.50.0\config_win\org.eclipse.equinox.launcher\org.eclipse.equinox.launcher.win32.win32.x86_64_1.2.1400.v20250801-0854\eclipse_11916.dll
0x00007ffebf800000 - 0x00007ffebf9a5000 	C:\WINDOWS\System32\ole32.dll
0x00007ffea4100000 - 0x00007ffea410a000 	C:\Users\PC\.vscode\extensions\redhat.java-1.50.0-win32-x64\jre\21.0.9-win32-x86_64\bin\management.dll
0x00007ffea3e40000 - 0x00007ffea3e4c000 	C:\Users\PC\.vscode\extensions\redhat.java-1.50.0-win32-x64\jre\21.0.9-win32-x86_64\bin\management_ext.dll
0x00007ffebe650000 - 0x00007ffebe658000 	C:\WINDOWS\System32\PSAPI.DLL
0x00007ffebcca0000 - 0x00007ffebccbb000 	C:\WINDOWS\SYSTEM32\CRYPTSP.dll
0x00007ffebc440000 - 0x00007ffebc475000 	C:\WINDOWS\system32\rsaenh.dll
0x00007ffebc9f0000 - 0x00007ffebca18000 	C:\WINDOWS\SYSTEM32\USERENV.dll
0x00007ffebcc80000 - 0x00007ffebcc8c000 	C:\WINDOWS\SYSTEM32\CRYPTBASE.dll
0x00007ffebbf80000 - 0x00007ffebbfad000 	C:\WINDOWS\SYSTEM32\IPHLPAPI.DLL
0x00007ffebe2e0000 - 0x00007ffebe2e9000 	C:\WINDOWS\System32\NSI.dll
0x00007ffe6a1e0000 - 0x00007ffe6a229000 	C:\Users\PC\AppData\Local\Temp\jna-2547\jna3659361988985558416.dll
0x00007ffeb6350000 - 0x00007ffeb6369000 	C:\WINDOWS\SYSTEM32\dhcpcsvc6.DLL
0x00007ffeb5b50000 - 0x00007ffeb5b6f000 	C:\WINDOWS\SYSTEM32\dhcpcsvc.DLL
0x00007ffea3820000 - 0x00007ffea382e000 	C:\Users\PC\.vscode\extensions\redhat.java-1.50.0-win32-x64\jre\21.0.9-win32-x86_64\bin\sunmscapi.dll
0x00007ffebdda0000 - 0x00007ffebdf06000 	C:\WINDOWS\System32\CRYPT32.dll
0x00007ffebcd40000 - 0x00007ffebcd6d000 	C:\WINDOWS\SYSTEM32\ncrypt.dll
0x00007ffebccf0000 - 0x00007ffebcd27000 	C:\WINDOWS\SYSTEM32\NTASN1.dll
0x00007ffebbfb0000 - 0x00007ffebc0b2000 	C:\WINDOWS\SYSTEM32\DNSAPI.dll
0x00007ffeb4b40000 - 0x00007ffeb4b4a000 	C:\Windows\System32\rasadhlp.dll
0x00007ffeb4b60000 - 0x00007ffeb4be3000 	C:\WINDOWS\System32\fwpuclnt.dll
0x00007ffea36a0000 - 0x00007ffea36a9000 	C:\Users\PC\.vscode\extensions\redhat.java-1.50.0-win32-x64\jre\21.0.9-win32-x86_64\bin\extnet.dll

JVMTI agents:
c:\Users\PC\.vscode\extensions\redhat.java-1.50.0-win32-x64\lombok\lombok-1.18.39-4050.jar path:c:\Users\PC\.vscode\extensions\redhat.java-1.50.0-win32-x64\jre\21.0.9-win32-x86_64\bin\instrument.dll, loaded, initialized, instrumentlib options:none

dbghelp: loaded successfully - version: 4.0.5 - missing functions: none
symbol engine: initialized successfully - sym options: 0x614 - pdb path: .;c:\Users\PC\.vscode\extensions\redhat.java-1.50.0-win32-x64\jre\21.0.9-win32-x86_64\bin;C:\WINDOWS\SYSTEM32;C:\WINDOWS\WinSxS\amd64_microsoft.windows.common-controls_6595b64144ccf1df_6.0.22621.4541_none_2710d1c57384c085;c:\Users\PC\.vscode\extensions\redhat.java-1.50.0-win32-x64\jre\21.0.9-win32-x86_64\bin\server;C:\Users\PC\AppData\Roaming\Code\User\globalStorage\redhat.java\1.50.0\config_win\org.eclipse.equinox.launcher\org.eclipse.equinox.launcher.win32.win32.x86_64_1.2.1400.v20250801-0854;C:\Users\PC\AppData\Local\Temp\jna-2547

VM Arguments:
jvm_args: --add-modules=ALL-SYSTEM --add-opens=java.base/java.util=ALL-UNNAMED --add-opens=java.base/java.lang=ALL-UNNAMED --add-opens=java.base/sun.nio.fs=ALL-UNNAMED -Declipse.application=org.eclipse.jdt.ls.core.id1 -Dosgi.bundles.defaultStartLevel=4 -Declipse.product=org.eclipse.jdt.ls.core.product -Djava.import.generatesMetadataFilesAtProjectRoot=false -DDetectVMInstallationsJob.disabled=true -Dfile.encoding=utf8 -XX:+UseParallelGC -XX:GCTimeRatio=4 -XX:AdaptiveSizePolicyWeight=90 -Dsun.zip.disableMemoryMapping=true -Xmx2G -Xms100m -Xlog:disable -javaagent:c:\Users\PC\.vscode\extensions\redhat.java-1.50.0-win32-x64\lombok\lombok-1.18.39-4050.jar -XX:+HeapDumpOnOutOfMemoryError -XX:HeapDumpPath=c:\Users\PC\AppData\Roaming\Code\User\workspaceStorage\a49f5b8cabdf05e7b3061a5f5d990722\redhat.java -Daether.dependencyCollector.impl=bf 
java_command: c:\Users\PC\.vscode\extensions\redhat.java-1.50.0-win32-x64\server\plugins\org.eclipse.equinox.launcher_1.7.100.v20251111-0406.jar -configuration c:\Users\PC\AppData\Roaming\Code\User\globalStorage\redhat.java\1.50.0\config_win -data c:\Users\PC\AppData\Roaming\Code\User\workspaceStorage\a49f5b8cabdf05e7b3061a5f5d990722\redhat.java\jdt_ws --pipe=\\.\pipe\lsp-c7a88748c50409a06a128bcaf991b5f1-sock
java_class_path (initial): c:\Users\PC\.vscode\extensions\redhat.java-1.50.0-win32-x64\server\plugins\org.eclipse.equinox.launcher_1.7.100.v20251111-0406.jar
Launcher Type: SUN_STANDARD

[Global flags]
    uintx AdaptiveSizePolicyWeight                 = 90                                        {product} {command line}
     intx CICompilerCount                          = 3                                         {product} {ergonomic}
    uintx GCTimeRatio                              = 4                                         {product} {command line}
     bool HeapDumpOnOutOfMemoryError               = true                                   {manageable} {command line}
    ccstr HeapDumpPath                             = c:\Users\PC\AppData\Roaming\Code\User\workspaceStorage\a49f5b8cabdf05e7b3061a5f5d990722\redhat.java         {manageable} {command line}
   size_t InitialHeapSize                          = 104857600                                 {product} {command line}
   size_t MaxHeapSize                              = 2147483648                                {product} {command line}
   size_t MaxNewSize                               = 715653120                                 {product} {ergonomic}
   size_t MinHeapDeltaBytes                        = 524288                                    {product} {ergonomic}
   size_t MinHeapSize                              = 104857600                                 {product} {command line}
   size_t NewSize                                  = 34603008                                  {product} {ergonomic}
    uintx NonNMethodCodeHeapSize                   = 5832780                                {pd product} {ergonomic}
    uintx NonProfiledCodeHeapSize                  = 122912730                              {pd product} {ergonomic}
   size_t OldSize                                  = 70254592                                  {product} {ergonomic}
    uintx ProfiledCodeHeapSize                     = 122912730                              {pd product} {ergonomic}
    uintx ReservedCodeCacheSize                    = 251658240                              {pd product} {ergonomic}
     bool SegmentedCodeCache                       = true                                      {product} {ergonomic}
   size_t SoftMaxHeapSize                          = 2147483648                             {manageable} {ergonomic}
     bool UseCompressedOops                        = true                           {product lp64_product} {ergonomic}
     bool UseLargePagesIndividualAllocation        = false                                  {pd product} {ergonomic}
     bool UseParallelGC                            = true                                      {product} {command line}

Logging:
Log output configuration:
 #0: stdout all=off uptime,level,tags foldmultilines=false
 #1: stderr all=off uptime,level,tags foldmultilines=false

Release file:
JAVA_VERSION="21.0.9" 
MODULES="java.base java.compiler java.datatransfer java.xml java.prefs java.desktop java.instrument java.logging java.management java.security.sasl java.naming java.rmi java.management.rmi java.net.http java.scripting java.security.jgss java.transaction.xa java.sql java.sql.rowset java.xml.crypto java.se java.smartcardio jdk.accessibility jdk.internal.jvmstat jdk.attach jdk.charsets jdk.internal.opt jdk.zipfs jdk.compiler jdk.crypto.ec jdk.crypto.cryptoki jdk.crypto.mscapi jdk.dynalink jdk.internal.ed jdk.editpad jdk.hotspot.agent jdk.httpserver jdk.internal.le jdk.internal.vm.ci jdk.internal.vm.compiler jdk.internal.vm.compiler.management jdk.jartool jdk.javadoc jdk.jcmd jdk.management jdk.management.agent jdk.jconsole jdk.jdeps jdk.jdwp.agent jdk.jdi jdk.jfr jdk.jshell jdk.jsobject jdk.jstatd jdk.localedata jdk.management.jfr jdk.naming.dns jdk.naming.rmi jdk.net jdk.nio.mapmode jdk.random jdk.sctp jdk.security.auth jdk.security.jgss jdk.unsupported jdk.unsupported.desktop jdk.xml.dom" 

Environment Variables:
JAVA_HOME=C:\Program Files\Eclipse Adoptium\jdk-17.0.13.11-hotspot\
PATH=C:\Program Files\Eclipse Adoptium\jdk-17.0.13.11-hotspot\bin;C:\Program Files (x86)\Common Files\Intel\Shared Libraries\redist\intel64\compiler;C:\Program Files (x86)\Common Files\Intel\Shared Files\cpp\bin\Intel64;C:\WINDOWS\system32;C:\WINDOWS;C:\WINDOWS\System32\Wbem;C:\WINDOWS\System32\WindowsPowerShell\v1.0\;C:\WINDOWS\System32\OpenSSH\;C:\Program Files\dotnet\;C:\Program Files\Common Files\Autodesk Shared\;C:\Program Files (x86)\Autodesk\Backburner\;C:\Users\PC\AppData\Local\Programs\Python\Python313;C:\Users\PC\AppData\Local\Programs\Python\Python313\Scripts;C:\Program Files\Git\cmd;C:\Users\PC\AppData\Local\nvm;C:\nvm4w\nodejs;C:\Program Files\nodejs\;C:\Program Files\MongoDB\Server\8.0\bin;;C:\ProgramData\chocolatey\bin;C:\Users\PC\AppData\Local\Programs\Python\Python313\Scripts\;C:\Users\PC\AppData\Local\Programs\Python\Python313\;C:\Users\PC\AppData\Local\Microsoft\WindowsApps;C:\Program Files\JetBrains\WebStorm 2024.1.3\bin;C:\Users\PC\AppData\Local\JetBrains\Toolbox\scripts;C:\Program Files\JetBrains\PyCharm 2024.1.2\bin;;C:\MinGW\bin;C:\Program Files\JetBrains\CLion 2024.3\bin;;C:\Users\PC\AppData\Local\Programs\Python\Python313\Scripts;C:\Users\PC\AppData\Local\Programs\Python\Python313;C:\Users\PC\AppData\Local\nvm;C:\nvm4w\nodejs;C:\Users\PC\AppData\Roaming\npm;C:\Users\PC\AppData\Local\Programs\mongosh\;C:\Users\PC\AppData\Local\GitHubDesktop\bin;C:\Users\PC\AppData\Local\Programs\Microsoft VS Code\bin
USERNAME=PC
OS=Windows_NT
PROCESSOR_IDENTIFIER=Intel64 Family 6 Model 151 Stepping 2, GenuineIntel
TMP=C:\Users\PC\AppData\Local\Temp
TEMP=C:\Users\PC\AppData\Local\Temp




Periodic native trim disabled

---------------  S Y S T E M  ---------------

OS:
 Windows 11 , 64 bit Build 22621 (10.0.22621.4391)
OS uptime: 10 days 4:14 hours
Hyper-V role detected

CPU: total 6 (initial active 6) (6 cores per cpu, 2 threads per core) family 6 model 151 stepping 2 microcode 0x23, cx8, cmov, fxsr, ht, mmx, 3dnowpref, sse, sse2, sse3, ssse3, sse4.1, sse4.2, popcnt, lzcnt, tsc, tscinvbit, avx, avx2, aes, erms, clmul, bmi1, bmi2, adx, sha, fma, vzeroupper, clflush, clflushopt, clwb, hv, serialize, rdtscp, rdpid, fsrm, f16c, cet_ibt, cet_ss
Processor Information for the first 6 processors :
  Max Mhz: 2496, Current Mhz: 2496, Mhz Limit: 2496

Memory: 4k page, system-wide physical 8033M (184M free)
TotalPageFile size 32609M (AvailPageFile size 241M)
current process WorkingSet (physical memory assigned to process): 7M, peak: 889M
current process commit charge ("private bytes"): 1537M, peak: 1781M

vm_info: OpenJDK 64-Bit Server VM (21.0.9+10-LTS) for windows-amd64 JRE (21.0.9+10-LTS), built on 2025-10-21T00:00:00Z by "admin" with unknown MS VC++:1942

END.
